<?xml version="1.0" encoding="UTF-8"?>
<!-- Generated by org.testng.reporters.JUnitXMLReporter -->
<testsuite ignored="32" hostname="CGLDLPG033EW6" failures="6" tests="12" name="chromeTest" time="166.121" errors="0" timestamp="2024-09-02T10:03:35 IST">
  <testcase classname="testcases.login.Login" name="swarnimLoginPage" time="8.385">
    <failure type="java.lang.NullPointerException" message="Cannot invoke &amp;quot;com.aventstack.extentreports.ExtentTest.log(com.aventstack.extentreports.Status, String)&amp;quot; because &amp;quot;this.test&amp;quot; is null">
      <![CDATA[java.lang.NullPointerException: Cannot invoke "com.aventstack.extentreports.ExtentTest.log(com.aventstack.extentreports.Status, String)" because "this.test" is null
at testcases.login.Login.swarnimLoginPage(Login.java:66)
at java.base/java.util.ArrayList.forEach(ArrayList.java:1597)
... Removed 25 stack frames]]>
    </failure>
  </testcase> <!-- swarnimLoginPage -->
  <testcase classname="testcases.login.BranchListingTest" name="selectBranchCodeFromBranchListingAfterLogin" time="2.788"/>
  <testcase classname="testcases.login.BranchListingTest" name="selectCutomer360TabFromDashBoard" time="1.181"/>
  <testcase classname="testcases.login.BranchListingTest" name="clickCreateCustomerButton" time="3.413"/>
  <testcase classname="testcases.customer.creation.KYCTest" name="swarnimKyc" time="64.813"/>
  <testcase classname="testcases.customer.creation.KYCTest" name="swarnimKYCPage" time="59.984">
    <failure type="org.openqa.selenium.TimeoutException" message="Expected condition failed: waiting for visibility of Proxy element for: DefaultElementLocator &amp;apos;By.xpath: /html/body/div[1]/div/div[2]/div[2]/div/form/div[2]/div[3]/div/div/div/div/input&amp;apos; (tried for 50 second(s) with 500 milliseconds interval)">
      <![CDATA[org.openqa.selenium.TimeoutException: Expected condition failed: waiting for visibility of Proxy element for: DefaultElementLocator 'By.xpath: /html/body/div[1]/div/div[2]/div[2]/div/form/div[2]/div[3]/div/div/div/div/input' (tried for 50 second(s) with 500 milliseconds interval)
at org.openqa.selenium.support.ui.WebDriverWait.timeoutException(WebDriverWait.java:84)
at org.openqa.selenium.support.ui.FluentWait.until(FluentWait.java:228)
at common.CommonKeyWords.enterText(CommonKeyWords.java:44)
at pages.customer.creation.KYCPage.enterValue(KYCPage.java:101)
at testcases.customer.creation.KYCTest.swarnimKYCPage(KYCTest.java:149)
at java.base/java.util.ArrayList.forEach(ArrayList.java:1597)
Caused by: org.openqa.selenium.NoSuchElementException: no such element: Unable to locate element: {"method":"xpath","selector":"/html/body/div[1]/div/div[2]/div[2]/div/form/div[2]/div[3]/div/div/div/div/input"}
  (Session info: chrome=127.0.6533.119)
For documentation on this error, please visit: https://www.selenium.dev/documentation/webdriver/troubleshooting/errors#no-such-element-exception
Build info: version: '4.23.0', revision: '4df0a231af'
System info: os.name: 'Linux', os.arch: 'amd64', os.version: '5.15.0-119-generic', java.version: '22.0.1'
Driver info: org.openqa.selenium.chrome.ChromeDriver
Command: [9c4218c1b33e191d47fba6627cf0ae52, findElement {value=/html/body/div[1]/div/div[2]/div[2]/div/form/div[2]/div[3]/div/div/div/div/input, using=xpath}]
Capabilities {acceptInsecureCerts: false, browserName: chrome, browserVersion: 127.0.6533.119, chrome: {chromedriverVersion: 127.0.6533.119 (bdef6783a05..., userDataDir: /tmp/.org.chromium.Chromium...}, fedcm:accounts: true, goog:chromeOptions: {debuggerAddress: localhost:45209}, networkConnectionEnabled: false, pageLoadStrategy: normal, platformName: linux, proxy: Proxy(), se:cdp: ws://localhost:45209/devtoo..., se:cdpVersion: 127.0.6533.119, setWindowRect: true, strictFileInteractability: false, timeouts: {implicit: 0, pageLoad: 300000, script: 30000}, unhandledPromptBehavior: dismiss and notify, webauthn:extension:credBlob: true, webauthn:extension:largeBlob: true, webauthn:extension:minPinLength: true, webauthn:extension:prf: true, webauthn:virtualAuthenticators: true}
Session ID: 9c4218c1b33e191d47fba6627cf0ae52
at org.openqa.selenium.remote.ErrorCodec.decode(ErrorCodec.java:167)
at org.openqa.selenium.remote.codec.w3c.W3CHttpResponseCodec.decode(W3CHttpResponseCodec.java:138)
at org.openqa.selenium.remote.codec.w3c.W3CHttpResponseCodec.decode(W3CHttpResponseCodec.java:50)
at org.openqa.selenium.remote.HttpCommandExecutor.execute(HttpCommandExecutor.java:190)
at org.openqa.selenium.remote.service.DriverCommandExecutor.invokeExecute(DriverCommandExecutor.java:216)
at org.openqa.selenium.remote.service.DriverCommandExecutor.execute(DriverCommandExecutor.java:174)
at org.openqa.selenium.remote.RemoteWebDriver.execute(RemoteWebDriver.java:527)
at org.openqa.selenium.remote.ElementLocation$ElementFinder$2.findElement(ElementLocation.java:165)
at org.openqa.selenium.remote.ElementLocation.findElement(ElementLocation.java:59)
at org.openqa.selenium.remote.RemoteWebDriver.findElement(RemoteWebDriver.java:357)
at org.openqa.selenium.remote.RemoteWebDriver.findElement(RemoteWebDriver.java:351)
at org.openqa.selenium.support.pagefactory.DefaultElementLocator.findElement(DefaultElementLocator.java:68)
at org.openqa.selenium.support.pagefactory.internal.LocatingElementHandler.invoke(LocatingElementHandler.java:38)
at jdk.proxy2/jdk.proxy2.$Proxy19.isDisplayed(Unknown Source)
at org.openqa.selenium.support.ui.ExpectedConditions.elementIfVisible(ExpectedConditions.java:304)
at org.openqa.selenium.support.ui.ExpectedConditions$10.apply(ExpectedConditions.java:290)
at org.openqa.selenium.support.ui.ExpectedConditions$10.apply(ExpectedConditions.java:287)
at org.openqa.selenium.support.ui.FluentWait.until(FluentWait.java:203)
... 29 more
... Removed 28 stack frames]]>
    </failure>
  </testcase> <!-- swarnimKYCPage -->
  <testcase classname="testcases.customer.creation.PersonalInformationTest" name="swarnimLoginPage" time="5.439">
    <failure type="java.lang.AssertionError" message="Deliberate failure to capture screenshot">
      <![CDATA[java.lang.AssertionError: Deliberate failure to capture screenshot
at testcases.customer.creation.PersonalInformationTest.swarnimLoginPage(PersonalInformationTest.java:159)
at java.base/java.util.ArrayList.forEach(ArrayList.java:1597)
... Removed 26 stack frames]]>
    </failure>
  </testcase> <!-- swarnimLoginPage -->
  <testcase classname="testcases.customer.creation.EmploymentTest" name="swarnimLoginPage" time="5.301">
    <failure type="java.lang.AssertionError" message="Deliberate failure to capture screenshot">
      <![CDATA[java.lang.AssertionError: Deliberate failure to capture screenshot
at testcases.customer.creation.EmploymentTest.swarnimLoginPage(EmploymentTest.java:136)
at java.base/java.util.ArrayList.forEach(ArrayList.java:1597)
... Removed 26 stack frames]]>
    </failure>
  </testcase> <!-- swarnimLoginPage -->
  <testcase classname="testcases.customer.creation.OccupationTest" name="swarnimLoginPage" time="0.167"/>
  <testcase classname="testcases.customer.creation.NomineeTest" name="swarnimLoginPage" time="5.322">
    <failure type="java.lang.AssertionError" message="Deliberate failure to capture screenshot">
      <![CDATA[java.lang.AssertionError: Deliberate failure to capture screenshot
at testcases.customer.creation.NomineeTest.swarnimLoginPage(NomineeTest.java:154)
at java.base/java.util.ArrayList.forEach(ArrayList.java:1597)
... Removed 26 stack frames]]>
    </failure>
  </testcase> <!-- swarnimLoginPage -->
  <testcase classname="testcases.customer.creation.RMTest" name="swarnimLoginPage" time="5.279">
    <failure type="org.openqa.selenium.NoSuchElementException" message="no such element: Unable to locate element: {&amp;quot;method&amp;quot;:&amp;quot;css selector&amp;quot;,&amp;quot;selector&amp;quot;:&amp;quot;[data-value=&amp;apos;Nikhil Jaiswal&amp;apos;]&amp;quot;}
  (Session info: chrome=127.0.6533.119)
For documentation on this error, please visit: https://www.selenium.dev/documentation/webdriver/troubleshooting/errors#no-such-element-exception
Build info: version: &amp;apos;4.23.0&amp;apos;, revision: &amp;apos;4df0a231af&amp;apos;
System info: os.name: &amp;apos;Linux&amp;apos;, os.arch: &amp;apos;amd64&amp;apos;, os.version: &amp;apos;5.15.0-119-generic&amp;apos;, java.version: &amp;apos;22.0.1&amp;apos;
Driver info: org.openqa.selenium.chrome.ChromeDriver
Command: [9c4218c1b33e191d47fba6627cf0ae52, findElement {value=[data-value=&amp;apos;Nikhil Jaiswal&amp;apos;], using=css selector}]
Capabilities {acceptInsecureCerts: false, browserName: chrome, browserVersion: 127.0.6533.119, chrome: {chromedriverVersion: 127.0.6533.119 (bdef6783a05..., userDataDir: /tmp/.org.chromium.Chromium...}, fedcm:accounts: true, goog:chromeOptions: {debuggerAddress: localhost:45209}, networkConnectionEnabled: false, pageLoadStrategy: normal, platformName: linux, proxy: Proxy(), se:cdp: ws://localhost:45209/devtoo..., se:cdpVersion: 127.0.6533.119, setWindowRect: true, strictFileInteractability: false, timeouts: {implicit: 0, pageLoad: 300000, script: 30000}, unhandledPromptBehavior: dismiss and notify, webauthn:extension:credBlob: true, webauthn:extension:largeBlob: true, webauthn:extension:minPinLength: true, webauthn:extension:prf: true, webauthn:virtualAuthenticators: true}
Session ID: 9c4218c1b33e191d47fba6627cf0ae52">
      <![CDATA[org.openqa.selenium.NoSuchElementException: no such element: Unable to locate element: {"method":"css selector","selector":"[data-value='Nikhil Jaiswal']"}
  (Session info: chrome=127.0.6533.119)
For documentation on this error, please visit: https://www.selenium.dev/documentation/webdriver/troubleshooting/errors#no-such-element-exception
Build info: version: '4.23.0', revision: '4df0a231af'
System info: os.name: 'Linux', os.arch: 'amd64', os.version: '5.15.0-119-generic', java.version: '22.0.1'
Driver info: org.openqa.selenium.chrome.ChromeDriver
Command: [9c4218c1b33e191d47fba6627cf0ae52, findElement {value=[data-value='Nikhil Jaiswal'], using=css selector}]
Capabilities {acceptInsecureCerts: false, browserName: chrome, browserVersion: 127.0.6533.119, chrome: {chromedriverVersion: 127.0.6533.119 (bdef6783a05..., userDataDir: /tmp/.org.chromium.Chromium...}, fedcm:accounts: true, goog:chromeOptions: {debuggerAddress: localhost:45209}, networkConnectionEnabled: false, pageLoadStrategy: normal, platformName: linux, proxy: Proxy(), se:cdp: ws://localhost:45209/devtoo..., se:cdpVersion: 127.0.6533.119, setWindowRect: true, strictFileInteractability: false, timeouts: {implicit: 0, pageLoad: 300000, script: 30000}, unhandledPromptBehavior: dismiss and notify, webauthn:extension:credBlob: true, webauthn:extension:largeBlob: true, webauthn:extension:minPinLength: true, webauthn:extension:prf: true, webauthn:virtualAuthenticators: true}
Session ID: 9c4218c1b33e191d47fba6627cf0ae52
at org.openqa.selenium.remote.ErrorCodec.decode(ErrorCodec.java:167)
at org.openqa.selenium.remote.codec.w3c.W3CHttpResponseCodec.decode(W3CHttpResponseCodec.java:138)
at org.openqa.selenium.remote.codec.w3c.W3CHttpResponseCodec.decode(W3CHttpResponseCodec.java:50)
at org.openqa.selenium.remote.HttpCommandExecutor.execute(HttpCommandExecutor.java:190)
at org.openqa.selenium.remote.service.DriverCommandExecutor.invokeExecute(DriverCommandExecutor.java:216)
at org.openqa.selenium.remote.service.DriverCommandExecutor.execute(DriverCommandExecutor.java:174)
at org.openqa.selenium.remote.RemoteWebDriver.execute(RemoteWebDriver.java:527)
at org.openqa.selenium.remote.ElementLocation$ElementFinder$2.findElement(ElementLocation.java:165)
at org.openqa.selenium.remote.ElementLocation.findElement(ElementLocation.java:59)
at org.openqa.selenium.remote.RemoteWebDriver.findElement(RemoteWebDriver.java:357)
at org.openqa.selenium.remote.RemoteWebDriver.findElement(RemoteWebDriver.java:351)
at testcases.customer.creation.RMTest.swarnimLoginPage(RMTest.java:50)
at java.base/java.util.ArrayList.forEach(ArrayList.java:1597)
... Removed 28 stack frames]]>
    </failure>
  </testcase> <!-- swarnimLoginPage -->
  <testcase classname="testcases.customer.creation.BankInformationTest" name="swarnimLoginPage" time="0.089"/>
  <testcase classname="utility.BaseFile" name="@BeforeTest calldriver" time="0.0">
    <ignored/>
  </testcase> <!-- @BeforeTest calldriver -->
  <testcase classname="utility.BaseFile" name="@AfterTest closedriver" time="0.0">
    <ignored/>
  </testcase> <!-- @AfterTest closedriver -->
  <testcase classname="utility.BaseFile" name="@BeforeSuite callBaseReport" time="0.0">
    <ignored/>
  </testcase> <!-- @BeforeSuite callBaseReport -->
  <testcase classname="utility.BaseFile" name="@BeforeSuite callBaseReport" time="0.0">
    <ignored/>
  </testcase> <!-- @BeforeSuite callBaseReport -->
  <testcase classname="utility.BaseFile" name="@BeforeTest calldriver" time="0.0">
    <ignored/>
  </testcase> <!-- @BeforeTest calldriver -->
  <testcase classname="utility.BaseFile" name="@BeforeTest calldriver" time="0.0">
    <ignored/>
  </testcase> <!-- @BeforeTest calldriver -->
  <testcase classname="utility.BaseFile" name="@AfterTest closedriver" time="0.0">
    <ignored/>
  </testcase> <!-- @AfterTest closedriver -->
  <testcase classname="utility.BaseFile" name="@BeforeSuite callBaseReport" time="0.0">
    <ignored/>
  </testcase> <!-- @BeforeSuite callBaseReport -->
  <testcase classname="utility.BaseFile" name="@BeforeTest calldriver" time="0.0">
    <ignored/>
  </testcase> <!-- @BeforeTest calldriver -->
  <testcase classname="utility.BaseFile" name="@AfterSuite flushReport" time="0.0">
    <ignored/>
  </testcase> <!-- @AfterSuite flushReport -->
  <testcase classname="utility.BaseFile" name="@AfterSuite flushReport" time="0.0">
    <ignored/>
  </testcase> <!-- @AfterSuite flushReport -->
  <testcase classname="utility.BaseFile" name="@AfterSuite flushReport" time="0.0">
    <ignored/>
  </testcase> <!-- @AfterSuite flushReport -->
  <testcase classname="utility.BaseFile" name="@BeforeSuite callBaseReport" time="0.0">
    <ignored/>
  </testcase> <!-- @BeforeSuite callBaseReport -->
  <testcase classname="utility.BaseFile" name="@AfterSuite flushReport" time="0.0">
    <ignored/>
  </testcase> <!-- @AfterSuite flushReport -->
  <testcase classname="utility.BaseFile" name="@AfterTest closedriver" time="0.0">
    <ignored/>
  </testcase> <!-- @AfterTest closedriver -->
  <testcase classname="utility.BaseFile" name="@BeforeTest calldriver" time="0.0">
    <ignored/>
  </testcase> <!-- @BeforeTest calldriver -->
  <testcase classname="utility.BaseFile" name="@AfterTest closedriver" time="0.0">
    <ignored/>
  </testcase> <!-- @AfterTest closedriver -->
  <testcase classname="utility.BaseFile" name="@AfterSuite flushReport" time="0.0">
    <ignored/>
  </testcase> <!-- @AfterSuite flushReport -->
  <testcase classname="utility.BaseFile" name="@BeforeSuite callBaseReport" time="0.0">
    <ignored/>
  </testcase> <!-- @BeforeSuite callBaseReport -->
  <testcase classname="utility.BaseFile" name="@BeforeTest calldriver" time="0.0">
    <ignored/>
  </testcase> <!-- @BeforeTest calldriver -->
  <testcase classname="utility.BaseFile" name="@AfterSuite flushReport" time="0.0">
    <ignored/>
  </testcase> <!-- @AfterSuite flushReport -->
  <testcase classname="utility.BaseFile" name="@BeforeSuite callBaseReport" time="0.0">
    <ignored/>
  </testcase> <!-- @BeforeSuite callBaseReport -->
  <testcase classname="utility.BaseFile" name="@BeforeTest calldriver" time="0.0">
    <ignored/>
  </testcase> <!-- @BeforeTest calldriver -->
  <testcase classname="utility.BaseFile" name="@AfterTest closedriver" time="0.0">
    <ignored/>
  </testcase> <!-- @AfterTest closedriver -->
  <testcase classname="utility.BaseFile" name="@AfterSuite flushReport" time="0.0">
    <ignored/>
  </testcase> <!-- @AfterSuite flushReport -->
  <testcase classname="utility.BaseFile" name="@BeforeTest calldriver" time="0.0">
    <ignored/>
  </testcase> <!-- @BeforeTest calldriver -->
  <testcase classname="utility.BaseFile" name="@AfterTest closedriver" time="0.0">
    <ignored/>
  </testcase> <!-- @AfterTest closedriver -->
  <testcase classname="utility.BaseFile" name="@AfterTest closedriver" time="0.0">
    <ignored/>
  </testcase> <!-- @AfterTest closedriver -->
  <testcase classname="utility.BaseFile" name="@BeforeSuite callBaseReport" time="0.0">
    <ignored/>
  </testcase> <!-- @BeforeSuite callBaseReport -->
  <testcase classname="utility.BaseFile" name="@AfterTest closedriver" time="0.0">
    <ignored/>
  </testcase> <!-- @AfterTest closedriver -->
  <testcase classname="utility.BaseFile" name="@BeforeSuite callBaseReport" time="0.0">
    <ignored/>
  </testcase> <!-- @BeforeSuite callBaseReport -->
  <testcase classname="utility.BaseFile" name="@AfterSuite flushReport" time="0.0">
    <ignored/>
  </testcase> <!-- @AfterSuite flushReport -->
</testsuite> <!-- chromeTest -->
