<!DOCTYPE html PUBLIC "-//W3C//DTD XHTML 1.1//EN" "https://www.w3.org/TR/xhtml11/DTD/xhtml11.dtd">
<html xmlns="https://www.w3.org/1999/xhtml">
<head>
<meta http-equiv="content-type" content="text/html; charset=UTF-8"/>
<title>TestNG Report</title>
<style type="text/css">table {margin-bottom:10px;border-collapse:collapse;empty-cells:show}th,td {border:1px solid #009;padding:.25em .5em}th {vertical-align:bottom}td {vertical-align:top}table a {font-weight:bold}.stripe td {background-color: #E6EBF9}.num {text-align:right}.passedodd td {background-color: #3F3}.passedeven td {background-color: #0A0}.skippedodd td {background-color: #DDD}.skippedeven td {background-color: #CCC}.failedodd td,.attn {background-color: #F33}.failedeven td,.stripe .attn {background-color: #D00}.stacktrace {white-space:pre;font-family:monospace}.totop {font-size:85%;text-align:center;border-bottom:2px solid #000}.invisible {display:none}</style>
</head>
<body>
<table>
<tr><th>Test</th><th># Passed</th><th># Skipped</th><th># Retried</th><th># Failed</th><th>Time (ms)</th><th>Included Groups</th><th>Excluded Groups</th></tr>
<tr><th colspan="8">Suite</th></tr>
<tr><td><a href="#t0">chromeTest</a></td><td class="num">6</td><td class="num">0</td><td class="num">0</td><td class="num attn">6</td><td class="num">166,121</td><td></td><td></td></tr>
</table>
<table id='summary'><thead><tr><th>Class</th><th>Method</th><th>Start</th><th>Time (ms)</th></tr></thead><tbody><tr><th colspan="4">Suite</th></tr></tbody><tbody id="t0"><tr><th colspan="4">chromeTest &#8212; failed</th></tr><tr class="failedeven"><td rowspan="1">testcases.customer.creation.EmploymentTest</td><td><a href="#m0">swarnimLoginPage</a></td><td rowspan="1">1725251599133</td><td rowspan="1">5301</td></tr><tr class="failedodd"><td rowspan="1">testcases.customer.creation.KYCTest</td><td><a href="#m1">swarnimKYCPage</a></td><td rowspan="1">1725251533438</td><td rowspan="1">59984</td></tr><tr class="failedeven"><td rowspan="1">testcases.customer.creation.NomineeTest</td><td><a href="#m2">swarnimLoginPage</a></td><td rowspan="1">1725251604738</td><td rowspan="1">5322</td></tr><tr class="failedodd"><td rowspan="1">testcases.customer.creation.PersonalInformationTest</td><td><a href="#m3">swarnimLoginPage</a></td><td rowspan="1">1725251593555</td><td rowspan="1">5439</td></tr><tr class="failedeven"><td rowspan="1">testcases.customer.creation.RMTest</td><td><a href="#m4">swarnimLoginPage</a></td><td rowspan="1">1725251610176</td><td rowspan="1">5279</td></tr><tr class="failedodd"><td rowspan="1">testcases.login.Login</td><td><a href="#m5">swarnimLoginPage</a></td><td rowspan="1">1725251452293</td><td rowspan="1">8385</td></tr><tr><th colspan="4">chromeTest &#8212; passed</th></tr><tr class="passedeven"><td rowspan="1">testcases.customer.creation.BankInformationTest</td><td><a href="#m6">swarnimLoginPage</a></td><td rowspan="1">1725251615572</td><td rowspan="1">89</td></tr><tr class="passedodd"><td rowspan="1">testcases.customer.creation.KYCTest</td><td><a href="#m7">swarnimKyc</a></td><td rowspan="1">1725251468242</td><td rowspan="1">64813</td></tr><tr class="passedeven"><td rowspan="1">testcases.customer.creation.OccupationTest</td><td><a href="#m8">swarnimLoginPage</a></td><td rowspan="1">1725251604551</td><td rowspan="1">167</td></tr><tr class="passedodd"><td rowspan="3">testcases.login.BranchListingTest</td><td><a href="#m9">clickCreateCustomerButton</a></td><td rowspan="1">1725251464810</td><td rowspan="1">3413</td></tr><tr class="passedodd"><td><a href="#m10">selectBranchCodeFromBranchListingAfterLogin</a></td><td rowspan="1">1725251460837</td><td rowspan="1">2788</td></tr><tr class="passedodd"><td><a href="#m11">selectCutomer360TabFromDashBoard</a></td><td rowspan="1">1725251463626</td><td rowspan="1">1181</td></tr></tbody>
</table>
<h2>chromeTest</h2><h3 id="m0">testcases.customer.creation.EmploymentTest#swarnimLoginPage</h3><table class="result"><tr class="param"><th>Parameter #1</th></tr><tr class="param stripe"><td>{Sheet1rowNum1={&quot;income&quot;:&quot;10 Lacs to 25 Lacs&quot;,&quot;testsenario&quot;:&quot;Validating Positive Journey of Customer Employment&quot;,&quot;testId&quot;:&quot;TC_01&quot;,&quot;occuption&quot;:&quot;Salaried&quot;}}</td></tr><tr><th>Exception</th></tr><tr><td><div class="stacktrace">java.lang.AssertionError: Deliberate failure to capture screenshot
	at testcases.customer.creation.EmploymentTest.swarnimLoginPage(EmploymentTest.java:136)
	at java.base/java.util.ArrayList.forEach(ArrayList.java:1597)
... Removed 26 stack frames</div></td></tr></table><p class="totop"><a href="#summary">back to summary</a></p>
<h3 id="m1">testcases.customer.creation.KYCTest#swarnimKYCPage</h3><table class="result"><tr class="param"><th>Parameter #1</th></tr><tr class="param stripe"><td>{Sheet1rowNum1={&quot;lastName&quot;:&quot;Jaiswal&quot;,&quot;Idproof&quot;:&quot;Aadhaar Card&quot;,&quot;prefix&quot;:&quot;Mr&quot;,&quot;dobDay&quot;:&quot;3&quot;,&quot;aadharno&quot;:&quot;223456786534&quot;,&quot;firstName&quot;:&quot;Nikhil&quot;,&quot;addressTwo&quot;:&quot;Delhi&quot;,&quot;pinCode&quot;:&quot;110006&quot;,&quot;testID&quot;:&quot;TC_01&quot;,&quot;testSenario&quot;:&quot;Validating&quot;,&quot;dobYear&quot;:&quot;1999&quot;,&quot;dobMonth&quot;:&quot;3&quot;,&quot;addressOne&quot;:&quot;Delhi&quot;}}</td></tr><tr><th>Exception</th></tr><tr><td><div class="stacktrace">org.openqa.selenium.TimeoutException: Expected condition failed: waiting for visibility of Proxy element for: DefaultElementLocator &apos;By.xpath: /html/body/div[1]/div/div[2]/div[2]/div/form/div[2]/div[3]/div/div/div/div/input&apos; (tried for 50 second(s) with 500 milliseconds interval)
	at org.openqa.selenium.support.ui.WebDriverWait.timeoutException(WebDriverWait.java:84)
	at org.openqa.selenium.support.ui.FluentWait.until(FluentWait.java:228)
	at common.CommonKeyWords.enterText(CommonKeyWords.java:44)
	at pages.customer.creation.KYCPage.enterValue(KYCPage.java:101)
	at testcases.customer.creation.KYCTest.swarnimKYCPage(KYCTest.java:149)
	at java.base/java.util.ArrayList.forEach(ArrayList.java:1597)
Caused by: org.openqa.selenium.NoSuchElementException: no such element: Unable to locate element: {&quot;method&quot;:&quot;xpath&quot;,&quot;selector&quot;:&quot;/html/body/div[1]/div/div[2]/div[2]/div/form/div[2]/div[3]/div/div/div/div/input&quot;}
  (Session info: chrome=127.0.6533.119)
For documentation on this error, please visit: https://www.selenium.dev/documentation/webdriver/troubleshooting/errors#no-such-element-exception
Build info: version: &apos;4.23.0&apos;, revision: &apos;4df0a231af&apos;
System info: os.name: &apos;Linux&apos;, os.arch: &apos;amd64&apos;, os.version: &apos;5.15.0-119-generic&apos;, java.version: &apos;22.0.1&apos;
Driver info: org.openqa.selenium.chrome.ChromeDriver
Command: [9c4218c1b33e191d47fba6627cf0ae52, findElement {value=/html/body/div[1]/div/div[2]/div[2]/div/form/div[2]/div[3]/div/div/div/div/input, using=xpath}]
Capabilities {acceptInsecureCerts: false, browserName: chrome, browserVersion: 127.0.6533.119, chrome: {chromedriverVersion: 127.0.6533.119 (bdef6783a05..., userDataDir: /tmp/.org.chromium.Chromium...}, fedcm:accounts: true, goog:chromeOptions: {debuggerAddress: localhost:45209}, networkConnectionEnabled: false, pageLoadStrategy: normal, platformName: linux, proxy: Proxy(), se:cdp: ws://localhost:45209/devtoo..., se:cdpVersion: 127.0.6533.119, setWindowRect: true, strictFileInteractability: false, timeouts: {implicit: 0, pageLoad: 300000, script: 30000}, unhandledPromptBehavior: dismiss and notify, webauthn:extension:credBlob: true, webauthn:extension:largeBlob: true, webauthn:extension:minPinLength: true, webauthn:extension:prf: true, webauthn:virtualAuthenticators: true}
Session ID: 9c4218c1b33e191d47fba6627cf0ae52
	at org.openqa.selenium.remote.ErrorCodec.decode(ErrorCodec.java:167)
	at org.openqa.selenium.remote.codec.w3c.W3CHttpResponseCodec.decode(W3CHttpResponseCodec.java:138)
	at org.openqa.selenium.remote.codec.w3c.W3CHttpResponseCodec.decode(W3CHttpResponseCodec.java:50)
	at org.openqa.selenium.remote.HttpCommandExecutor.execute(HttpCommandExecutor.java:190)
	at org.openqa.selenium.remote.service.DriverCommandExecutor.invokeExecute(DriverCommandExecutor.java:216)
	at org.openqa.selenium.remote.service.DriverCommandExecutor.execute(DriverCommandExecutor.java:174)
	at org.openqa.selenium.remote.RemoteWebDriver.execute(RemoteWebDriver.java:527)
	at org.openqa.selenium.remote.ElementLocation$ElementFinder$2.findElement(ElementLocation.java:165)
	at org.openqa.selenium.remote.ElementLocation.findElement(ElementLocation.java:59)
	at org.openqa.selenium.remote.RemoteWebDriver.findElement(RemoteWebDriver.java:357)
	at org.openqa.selenium.remote.RemoteWebDriver.findElement(RemoteWebDriver.java:351)
	at org.openqa.selenium.support.pagefactory.DefaultElementLocator.findElement(DefaultElementLocator.java:68)
	at org.openqa.selenium.support.pagefactory.internal.LocatingElementHandler.invoke(LocatingElementHandler.java:38)
	at jdk.proxy2/jdk.proxy2.$Proxy19.isDisplayed(Unknown Source)
	at org.openqa.selenium.support.ui.ExpectedConditions.elementIfVisible(ExpectedConditions.java:304)
	at org.openqa.selenium.support.ui.ExpectedConditions$10.apply(ExpectedConditions.java:290)
	at org.openqa.selenium.support.ui.ExpectedConditions$10.apply(ExpectedConditions.java:287)
	at org.openqa.selenium.support.ui.FluentWait.until(FluentWait.java:203)
	... 29 more
... Removed 28 stack frames</div></td></tr></table><p class="totop"><a href="#summary">back to summary</a></p>
<h3 id="m2">testcases.customer.creation.NomineeTest#swarnimLoginPage</h3><table class="result"><tr class="param"><th>Parameter #1</th></tr><tr class="param stripe"><td>{Sheet1rowNum1={&quot;testsenario&quot;:&quot;Nominee Validating Postive senario&quot;,&quot;nominedobday&quot;:&quot;3&quot;,&quot;nominedobyear&quot;:&quot;1990&quot;,&quot;mobile&quot;:&quot;9889765234&quot;,&quot;testId&quot;:&quot;TC_01&quot;,&quot;nomineName&quot;:&quot;Ram&quot;,&quot;nominedobmonth&quot;:&quot;3&quot;,&quot;nominerelation&quot;:&quot;Father&quot;}}</td></tr><tr><th>Exception</th></tr><tr><td><div class="stacktrace">java.lang.AssertionError: Deliberate failure to capture screenshot
	at testcases.customer.creation.NomineeTest.swarnimLoginPage(NomineeTest.java:154)
	at java.base/java.util.ArrayList.forEach(ArrayList.java:1597)
... Removed 26 stack frames</div></td></tr></table><p class="totop"><a href="#summary">back to summary</a></p>
<h3 id="m3">testcases.customer.creation.PersonalInformationTest#swarnimLoginPage</h3><table class="result"><tr class="param"><th>Parameter #1</th></tr><tr class="param stripe"><td>{Sheet1rowNum1={&quot;fatherName&quot;:&quot;Father&quot;,&quot;placeOfBirth&quot;:&quot;Delhi&quot;,&quot;testsenario&quot;:&quot;Validating the positive journey&quot;,&quot;education&quot;:&quot;Graduation&quot;,&quot;yearsofResident&quot;:&quot;12&quot;,&quot;gender&quot;:&quot;Male&quot;,&quot;mobile&quot;:&quot;2345768563&quot;,&quot;motherName&quot;:&quot;mother&quot;,&quot;testId&quot;:&quot;TC_01&quot;,&quot;socialStatus&quot;:&quot;SC&quot;,&quot;mertalStatus&quot;:&quot;Married&quot;,&quot;religion&quot;:&quot;Hindu&quot;}}</td></tr><tr><th>Exception</th></tr><tr><td><div class="stacktrace">java.lang.AssertionError: Deliberate failure to capture screenshot
	at testcases.customer.creation.PersonalInformationTest.swarnimLoginPage(PersonalInformationTest.java:159)
	at java.base/java.util.ArrayList.forEach(ArrayList.java:1597)
... Removed 26 stack frames</div></td></tr></table><p class="totop"><a href="#summary">back to summary</a></p>
<h3 id="m4">testcases.customer.creation.RMTest#swarnimLoginPage</h3><table class="result"><tr><th>Exception</th></tr><tr><td><div class="stacktrace">org.openqa.selenium.NoSuchElementException: no such element: Unable to locate element: {&quot;method&quot;:&quot;css selector&quot;,&quot;selector&quot;:&quot;[data-value=&apos;Nikhil Jaiswal&apos;]&quot;}
  (Session info: chrome=127.0.6533.119)
For documentation on this error, please visit: https://www.selenium.dev/documentation/webdriver/troubleshooting/errors#no-such-element-exception
Build info: version: &apos;4.23.0&apos;, revision: &apos;4df0a231af&apos;
System info: os.name: &apos;Linux&apos;, os.arch: &apos;amd64&apos;, os.version: &apos;5.15.0-119-generic&apos;, java.version: &apos;22.0.1&apos;
Driver info: org.openqa.selenium.chrome.ChromeDriver
Command: [9c4218c1b33e191d47fba6627cf0ae52, findElement {value=[data-value=&apos;Nikhil Jaiswal&apos;], using=css selector}]
Capabilities {acceptInsecureCerts: false, browserName: chrome, browserVersion: 127.0.6533.119, chrome: {chromedriverVersion: 127.0.6533.119 (bdef6783a05..., userDataDir: /tmp/.org.chromium.Chromium...}, fedcm:accounts: true, goog:chromeOptions: {debuggerAddress: localhost:45209}, networkConnectionEnabled: false, pageLoadStrategy: normal, platformName: linux, proxy: Proxy(), se:cdp: ws://localhost:45209/devtoo..., se:cdpVersion: 127.0.6533.119, setWindowRect: true, strictFileInteractability: false, timeouts: {implicit: 0, pageLoad: 300000, script: 30000}, unhandledPromptBehavior: dismiss and notify, webauthn:extension:credBlob: true, webauthn:extension:largeBlob: true, webauthn:extension:minPinLength: true, webauthn:extension:prf: true, webauthn:virtualAuthenticators: true}
Session ID: 9c4218c1b33e191d47fba6627cf0ae52
	at org.openqa.selenium.remote.ErrorCodec.decode(ErrorCodec.java:167)
	at org.openqa.selenium.remote.codec.w3c.W3CHttpResponseCodec.decode(W3CHttpResponseCodec.java:138)
	at org.openqa.selenium.remote.codec.w3c.W3CHttpResponseCodec.decode(W3CHttpResponseCodec.java:50)
	at org.openqa.selenium.remote.HttpCommandExecutor.execute(HttpCommandExecutor.java:190)
	at org.openqa.selenium.remote.service.DriverCommandExecutor.invokeExecute(DriverCommandExecutor.java:216)
	at org.openqa.selenium.remote.service.DriverCommandExecutor.execute(DriverCommandExecutor.java:174)
	at org.openqa.selenium.remote.RemoteWebDriver.execute(RemoteWebDriver.java:527)
	at org.openqa.selenium.remote.ElementLocation$ElementFinder$2.findElement(ElementLocation.java:165)
	at org.openqa.selenium.remote.ElementLocation.findElement(ElementLocation.java:59)
	at org.openqa.selenium.remote.RemoteWebDriver.findElement(RemoteWebDriver.java:357)
	at org.openqa.selenium.remote.RemoteWebDriver.findElement(RemoteWebDriver.java:351)
	at testcases.customer.creation.RMTest.swarnimLoginPage(RMTest.java:50)
	at java.base/java.util.ArrayList.forEach(ArrayList.java:1597)
... Removed 28 stack frames</div></td></tr></table><p class="totop"><a href="#summary">back to summary</a></p>
<h3 id="m5">testcases.login.Login#swarnimLoginPage</h3><table class="result"><tr><th>Exception</th></tr><tr><td><div class="stacktrace">java.lang.NullPointerException: Cannot invoke &quot;com.aventstack.extentreports.ExtentTest.log(com.aventstack.extentreports.Status, String)&quot; because &quot;this.test&quot; is null
	at testcases.login.Login.swarnimLoginPage(Login.java:66)
	at java.base/java.util.ArrayList.forEach(ArrayList.java:1597)
... Removed 25 stack frames</div></td></tr></table><p class="totop"><a href="#summary">back to summary</a></p>
<h3 id="m6">testcases.customer.creation.BankInformationTest#swarnimLoginPage</h3><table class="result"><tr><th class="invisible"/></tr></table><p class="totop"><a href="#summary">back to summary</a></p>
<h3 id="m7">testcases.customer.creation.KYCTest#swarnimKyc</h3><table class="result"><tr><th class="invisible"/></tr></table><p class="totop"><a href="#summary">back to summary</a></p>
<h3 id="m8">testcases.customer.creation.OccupationTest#swarnimLoginPage</h3><table class="result"><tr><th class="invisible"/></tr></table><p class="totop"><a href="#summary">back to summary</a></p>
<h3 id="m9">testcases.login.BranchListingTest#clickCreateCustomerButton</h3><table class="result"><tr><th class="invisible"/></tr></table><p class="totop"><a href="#summary">back to summary</a></p>
<h3 id="m10">testcases.login.BranchListingTest#selectBranchCodeFromBranchListingAfterLogin</h3><table class="result"><tr><th class="invisible"/></tr></table><p class="totop"><a href="#summary">back to summary</a></p>
<h3 id="m11">testcases.login.BranchListingTest#selectCutomer360TabFromDashBoard</h3><table class="result"><tr><th class="invisible"/></tr></table><p class="totop"><a href="#summary">back to summary</a></p>
</body>
</html>
